10-23 17:27:14 model_name: DAGCN_features
10-23 17:27:14 data_name: CWRU
10-23 17:27:14 data_dir: D:\×ÀÃæ\CWRU_12K_DE
10-23 17:27:14 transfer_task: ['[', '[', '1', ']', ',', '[', '2', ']', ']']
10-23 17:27:14 normlizetype: mean-std
10-23 17:27:14 cuda_device: 0
10-23 17:27:14 checkpoint_dir: D:\×ÀÃæ\DAGCN-main\results\DAGCN
10-23 17:27:14 pretrained: False
10-23 17:27:14 batch_size: 64
10-23 17:27:14 num_workers: 0
10-23 17:27:14 bottleneck: True
10-23 17:27:14 bottleneck_num: 256
10-23 17:27:14 last_batch: False
10-23 17:27:14 domain_adversarial: True
10-23 17:27:14 hidden_size: 1024
10-23 17:27:14 trade_off_adversarial: Cons
10-23 17:27:14 lam_adversarial: 1
10-23 17:27:14 opt: adam
10-23 17:27:14 lr: 0.001
10-23 17:27:14 momentum: 0.9
10-23 17:27:14 weight_decay: 1e-05
10-23 17:27:14 lr_scheduler: step
10-23 17:27:14 gamma: 0.1
10-23 17:27:14 steps: 150, 250
10-23 17:27:14 resume: 
10-23 17:27:14 max_model_num: 1
10-23 17:27:14 middle_epoch: 50
10-23 17:27:14 max_epoch: 300
10-23 17:27:14 print_step: 50
10-23 17:27:14 task_id: Task_1to2
10-23 17:27:14 using 1 gpus
10-23 17:27:14 -----Epoch 0/299-----
10-23 17:27:14 current lr: [0.001, 0.001, 0.001, 0.001]
10-23 17:27:14 Epoch: 0 [0/1231], Train Loss: 1.4275 Train Acc: 0.1719,199.4 examples/sec 0.32 sec/batch
10-23 17:27:15 Epoch: 0 source_train-Loss: 0.9914 source_train-Acc: 0.5207, Cost 0.7 sec
10-23 17:27:15 Epoch: 0 source_val-Loss: 0.8258 source_val-Acc: 0.5065, Cost 0.1 sec
10-23 17:27:15 Epoch: 0 target_val-Loss: 0.8368 target_val-Acc: 0.5032, Cost 0.1 sec
