10-23 17:27:47 model_name: DAGCN_features
10-23 17:27:47 data_name: CWRU
10-23 17:27:47 data_dir: D:\×ÀÃæ\CWRU_12K_DE
10-23 17:27:47 transfer_task: ['[', '[', '3', ']', ',', '[', '1', ']', ']']
10-23 17:27:47 normlizetype: mean-std
10-23 17:27:47 cuda_device: 0
10-23 17:27:47 checkpoint_dir: D:\×ÀÃæ\DAGCN-main\results\DAGCN
10-23 17:27:47 pretrained: False
10-23 17:27:47 batch_size: 64
10-23 17:27:47 num_workers: 0
10-23 17:27:47 bottleneck: True
10-23 17:27:47 bottleneck_num: 256
10-23 17:27:47 last_batch: False
10-23 17:27:47 domain_adversarial: True
10-23 17:27:47 hidden_size: 1024
10-23 17:27:47 trade_off_adversarial: Cons
10-23 17:27:47 lam_adversarial: 1
10-23 17:27:47 opt: adam
10-23 17:27:47 lr: 0.001
10-23 17:27:47 momentum: 0.9
10-23 17:27:47 weight_decay: 1e-05
10-23 17:27:47 lr_scheduler: step
10-23 17:27:47 gamma: 0.1
10-23 17:27:47 steps: 150, 250
10-23 17:27:47 resume: 
10-23 17:27:47 max_model_num: 1
10-23 17:27:47 middle_epoch: 50
10-23 17:27:47 max_epoch: 300
10-23 17:27:47 print_step: 50
10-23 17:27:47 task_id: Task_3to1
10-23 17:27:47 using 1 gpus
10-23 17:27:47 -----Epoch 0/299-----
10-23 17:27:47 current lr: [0.001, 0.001, 0.001, 0.001]
10-23 17:27:48 Epoch: 0 [0/1235], Train Loss: 1.3982 Train Acc: 0.2969,195.8 examples/sec 0.33 sec/batch
10-23 17:27:48 Epoch: 0 source_train-Loss: 0.9757 source_train-Acc: 0.5215, Cost 0.7 sec
10-23 17:27:48 Epoch: 0 source_val-Loss: 1.2220 source_val-Acc: 0.4142, Cost 0.1 sec
10-23 17:27:48 Epoch: 0 target_val-Loss: 1.2054 target_val-Acc: 0.4253, Cost 0.1 sec
