10-23 17:27:04 model_name: DAGCN_features
10-23 17:27:04 data_name: CWRU
10-23 17:27:04 data_dir: D:\×ÀÃæ\CWRU_12K_DE
10-23 17:27:04 transfer_task: ['[', '[', '0', ']', ',', '[', '3', ']', ']']
10-23 17:27:04 normlizetype: mean-std
10-23 17:27:04 cuda_device: 0
10-23 17:27:04 checkpoint_dir: D:\×ÀÃæ\DAGCN-main\results\DAGCN
10-23 17:27:04 pretrained: False
10-23 17:27:04 batch_size: 64
10-23 17:27:04 num_workers: 0
10-23 17:27:04 bottleneck: True
10-23 17:27:04 bottleneck_num: 256
10-23 17:27:04 last_batch: False
10-23 17:27:04 domain_adversarial: True
10-23 17:27:04 hidden_size: 1024
10-23 17:27:04 trade_off_adversarial: Cons
10-23 17:27:04 lam_adversarial: 1
10-23 17:27:04 opt: adam
10-23 17:27:04 lr: 0.001
10-23 17:27:04 momentum: 0.9
10-23 17:27:04 weight_decay: 1e-05
10-23 17:27:04 lr_scheduler: step
10-23 17:27:04 gamma: 0.1
10-23 17:27:04 steps: 150, 250
10-23 17:27:04 resume: 
10-23 17:27:04 max_model_num: 1
10-23 17:27:04 middle_epoch: 50
10-23 17:27:04 max_epoch: 300
10-23 17:27:04 print_step: 50
10-23 17:27:04 task_id: Task_0to3
10-23 17:27:04 using 1 gpus
10-23 17:27:04 -----Epoch 0/299-----
10-23 17:27:04 current lr: [0.001, 0.001, 0.001, 0.001]
10-23 17:27:05 Epoch: 0 [0/1044], Train Loss: 1.3669 Train Acc: 0.3594,184.8 examples/sec 0.35 sec/batch
10-23 17:27:05 Epoch: 0 source_train-Loss: 1.1423 source_train-Acc: 0.4540, Cost 0.7 sec
10-23 17:27:05 Epoch: 0 source_val-Loss: 1.3564 source_val-Acc: 0.3257, Cost 0.1 sec
10-23 17:27:05 Epoch: 0 target_val-Loss: 1.2942 target_val-Acc: 0.2395, Cost 0.1 sec
