10-23 17:27:31 model_name: DAGCN_features
10-23 17:27:31 data_name: CWRU
10-23 17:27:31 data_dir: D:\×ÀÃæ\CWRU_12K_DE
10-23 17:27:31 transfer_task: ['[', '[', '2', ']', ',', '[', '1', ']', ']']
10-23 17:27:31 normlizetype: mean-std
10-23 17:27:31 cuda_device: 0
10-23 17:27:31 checkpoint_dir: D:\×ÀÃæ\DAGCN-main\results\DAGCN
10-23 17:27:31 pretrained: False
10-23 17:27:31 batch_size: 64
10-23 17:27:31 num_workers: 0
10-23 17:27:31 bottleneck: True
10-23 17:27:31 bottleneck_num: 256
10-23 17:27:31 last_batch: False
10-23 17:27:31 domain_adversarial: True
10-23 17:27:31 hidden_size: 1024
10-23 17:27:31 trade_off_adversarial: Cons
10-23 17:27:31 lam_adversarial: 1
10-23 17:27:31 opt: adam
10-23 17:27:31 lr: 0.001
10-23 17:27:31 momentum: 0.9
10-23 17:27:31 weight_decay: 1e-05
10-23 17:27:31 lr_scheduler: step
10-23 17:27:31 gamma: 0.1
10-23 17:27:31 steps: 150, 250
10-23 17:27:31 resume: 
10-23 17:27:31 max_model_num: 1
10-23 17:27:31 middle_epoch: 50
10-23 17:27:31 max_epoch: 300
10-23 17:27:31 print_step: 50
10-23 17:27:31 task_id: Task_2to1
10-23 17:27:31 using 1 gpus
10-23 17:27:31 -----Epoch 0/299-----
10-23 17:27:31 current lr: [0.001, 0.001, 0.001, 0.001]
10-23 17:27:32 Epoch: 0 [0/1231], Train Loss: 1.3895 Train Acc: 0.2969,167.1 examples/sec 0.38 sec/batch
10-23 17:27:32 Epoch: 0 source_train-Loss: 0.9150 source_train-Acc: 0.5792, Cost 0.8 sec
10-23 17:27:32 Epoch: 0 source_val-Loss: 0.4974 source_val-Acc: 0.7792, Cost 0.1 sec
10-23 17:27:32 Epoch: 0 target_val-Loss: 0.5033 target_val-Acc: 0.7695, Cost 0.1 sec
