10-23 17:27:19 model_name: DAGCN_features
10-23 17:27:19 data_name: CWRU
10-23 17:27:19 data_dir: D:\×ÀÃæ\CWRU_12K_DE
10-23 17:27:19 transfer_task: ['[', '[', '1', ']', ',', '[', '3', ']', ']']
10-23 17:27:19 normlizetype: mean-std
10-23 17:27:19 cuda_device: 0
10-23 17:27:19 checkpoint_dir: D:\×ÀÃæ\DAGCN-main\results\DAGCN
10-23 17:27:19 pretrained: False
10-23 17:27:19 batch_size: 64
10-23 17:27:19 num_workers: 0
10-23 17:27:19 bottleneck: True
10-23 17:27:19 bottleneck_num: 256
10-23 17:27:19 last_batch: False
10-23 17:27:19 domain_adversarial: True
10-23 17:27:19 hidden_size: 1024
10-23 17:27:19 trade_off_adversarial: Cons
10-23 17:27:19 lam_adversarial: 1
10-23 17:27:19 opt: adam
10-23 17:27:19 lr: 0.001
10-23 17:27:19 momentum: 0.9
10-23 17:27:19 weight_decay: 1e-05
10-23 17:27:19 lr_scheduler: step
10-23 17:27:19 gamma: 0.1
10-23 17:27:19 steps: 150, 250
10-23 17:27:19 resume: 
10-23 17:27:19 max_model_num: 1
10-23 17:27:19 middle_epoch: 50
10-23 17:27:19 max_epoch: 300
10-23 17:27:19 print_step: 50
10-23 17:27:19 task_id: Task_1to3
10-23 17:27:19 using 1 gpus
10-23 17:27:20 -----Epoch 0/299-----
10-23 17:27:20 current lr: [0.001, 0.001, 0.001, 0.001]
10-23 17:27:20 Epoch: 0 [0/1231], Train Loss: 1.4035 Train Acc: 0.2344,199.8 examples/sec 0.32 sec/batch
10-23 17:27:21 Epoch: 0 source_train-Loss: 1.0064 source_train-Acc: 0.5491, Cost 0.8 sec
10-23 17:27:21 Epoch: 0 source_val-Loss: 0.8054 source_val-Acc: 0.6981, Cost 0.1 sec
10-23 17:27:21 Epoch: 0 target_val-Loss: 0.8787 target_val-Acc: 0.5793, Cost 0.1 sec
