10-23 17:26:59 model_name: DAGCN_features
10-23 17:26:59 data_name: CWRU
10-23 17:26:59 data_dir: D:\×ÀÃæ\CWRU_12K_DE
10-23 17:26:59 transfer_task: ['[', '[', '0', ']', ',', '[', '2', ']', ']']
10-23 17:26:59 normlizetype: mean-std
10-23 17:26:59 cuda_device: 0
10-23 17:26:59 checkpoint_dir: D:\×ÀÃæ\DAGCN-main\results\DAGCN
10-23 17:26:59 pretrained: False
10-23 17:26:59 batch_size: 64
10-23 17:26:59 num_workers: 0
10-23 17:26:59 bottleneck: True
10-23 17:26:59 bottleneck_num: 256
10-23 17:26:59 last_batch: False
10-23 17:26:59 domain_adversarial: True
10-23 17:26:59 hidden_size: 1024
10-23 17:26:59 trade_off_adversarial: Cons
10-23 17:26:59 lam_adversarial: 1
10-23 17:26:59 opt: adam
10-23 17:26:59 lr: 0.001
10-23 17:26:59 momentum: 0.9
10-23 17:26:59 weight_decay: 1e-05
10-23 17:26:59 lr_scheduler: step
10-23 17:26:59 gamma: 0.1
10-23 17:26:59 steps: 150, 250
10-23 17:26:59 resume: 
10-23 17:26:59 max_model_num: 1
10-23 17:26:59 middle_epoch: 50
10-23 17:26:59 max_epoch: 300
10-23 17:26:59 print_step: 50
10-23 17:26:59 task_id: Task_0to2
10-23 17:26:59 using 1 gpus
10-23 17:26:59 -----Epoch 0/299-----
10-23 17:26:59 current lr: [0.001, 0.001, 0.001, 0.001]
10-23 17:26:59 Epoch: 0 [0/1044], Train Loss: 1.3966 Train Acc: 0.2188,201.1 examples/sec 0.32 sec/batch
10-23 17:27:00 Epoch: 0 source_train-Loss: 1.0498 source_train-Acc: 0.5326, Cost 0.7 sec
10-23 17:27:00 Epoch: 0 source_val-Loss: 1.1078 source_val-Acc: 0.4789, Cost 0.1 sec
10-23 17:27:00 Epoch: 0 target_val-Loss: 1.0632 target_val-Acc: 0.4903, Cost 0.1 sec
